{"C:\\Users\\Mateja_Ivosevic\\Desktop\\game-shop-be\\product-service\\src\\libs\\products-mock-data.ts": {"path":"C:\\Users\\Mateja_Ivosevic\\Desktop\\game-shop-be\\product-service\\src\\libs\\products-mock-data.ts","all":false,"statementMap":{"0":{"start":{"line":1,"column":0},"end":{"line":1,"column":47}},"1":{"start":{"line":2,"column":0},"end":{"line":2,"column":0}},"2":{"start":{"line":3,"column":0},"end":{"line":3,"column":42}},"3":{"start":{"line":4,"column":0},"end":{"line":4,"column":23}},"4":{"start":{"line":5,"column":0},"end":{"line":5,"column":1}},"5":{"start":{"line":6,"column":0},"end":{"line":6,"column":0}},"6":{"start":{"line":7,"column":0},"end":{"line":7,"column":48}},"7":{"start":{"line":8,"column":0},"end":{"line":8,"column":51}},"8":{"start":{"line":9,"column":0},"end":{"line":9,"column":2}}},"s":{"0":1,"1":1,"2":1,"3":1,"4":1,"5":1,"6":1,"7":1,"8":1},"branchMap":{"0":{"type":"branch","line":3,"loc":{"start":{"line":3,"column":35},"end":{"line":5,"column":1}},"locations":[{"start":{"line":3,"column":35},"end":{"line":5,"column":1}}]},"1":{"type":"branch","line":7,"loc":{"start":{"line":7,"column":40},"end":{"line":9,"column":2}},"locations":[{"start":{"line":7,"column":40},"end":{"line":9,"column":2}}]},"2":{"type":"branch","line":8,"loc":{"start":{"line":8,"column":30},"end":{"line":8,"column":46}},"locations":[{"start":{"line":8,"column":30},"end":{"line":8,"column":46}}]}},"b":{"0":[1],"1":[1],"2":[6]},"fnMap":{"0":{"name":"getProductsMockData","decl":{"start":{"line":3,"column":35},"end":{"line":5,"column":1}},"loc":{"start":{"line":3,"column":35},"end":{"line":5,"column":1}},"line":3},"1":{"name":"getProductsByIdMockData","decl":{"start":{"line":7,"column":40},"end":{"line":9,"column":2}},"loc":{"start":{"line":7,"column":40},"end":{"line":9,"column":2}},"line":7}},"f":{"0":1,"1":1}}
}
